2025-04-18 17:35:47,761 - logger_main - INFO - Se activa el logger del main en la fecha: 18/04/2025 17:35:47
2025-04-18 17:35:50,991 - logger_main - INFO - Ejecutando la función actualizar_treeview
2025-04-18 17:35:56,319 - logger_main - INFO - Se seleccionó el tema: Light
2025-04-18 17:35:58,384 - logger_main - INFO - Se seleccionó el tema: Black
2025-04-18 17:35:59,698 - logger_main - INFO - Se seleccionó el tema: Crema (default)
2025-04-18 17:36:01,972 - logger_main - INFO - Se seleccionó la base SQLite3
2025-04-18 17:36:01,973 - logger_main - INFO - Se seleccionó la base: SQLite3 (default)
2025-04-18 17:36:07,368 - logger_main - INFO - Se seleccionó la base Postgres
2025-04-18 17:36:07,368 - logger_main - INFO - Se seleccionó la base: Postgres
2025-04-18 17:36:54,316 - logger_main - INFO - Se activa el logger del main en la fecha: 18/04/2025 17:36:54
2025-04-18 17:36:56,903 - logger_main - INFO - Ejecutando la función actualizar_treeview
2025-04-18 17:37:04,914 - logger_main - INFO - Se seleccionó el tema: Black
2025-04-18 17:37:22,237 - logger_main - INFO - Ejecutando la función alta
2025-04-18 17:37:22,238 - logger_main - INFO - Ejecutando la función limpiar_producto
2025-04-18 17:37:22,238 - logger_main - ERROR - Error en el campo 'Producto'
2025-04-18 17:37:35,892 - logger_main - INFO - Ejecutando la función alta
2025-04-18 17:37:35,893 - logger_main - INFO - Ejecutando la función limpiar_producto
2025-04-18 17:37:35,893 - logger_main - ERROR - Error en el campo 'Producto'
2025-04-18 17:37:41,549 - logger_main - INFO - Ejecutando la función alta
2025-04-18 17:37:41,558 - logger_main - INFO - Ejecutando la función actualizar_treeview
2025-04-18 17:37:41,559 - logger_main - INFO - Ejecutando la función limpiar_datos
2025-04-18 17:37:41,559 - logger_main - INFO - Se limpiaron los entrys
2025-04-18 17:37:41,559 - logger_main - INFO - Se agregó el producto Crema a la base de datos
2025-04-18 17:41:24,125 - logger_main - INFO - Se activa el logger del main en la fecha: 18/04/2025 17:41:24
2025-04-18 17:41:27,545 - logger_main - INFO - Se seleccionó el tema: Light
2025-04-18 17:41:29,122 - logger_main - INFO - Se seleccionó la base: MySQL
2025-04-18 17:41:37,753 - logger_main - INFO - Ejecutando la función actualizar_treeview
2025-04-18 17:41:52,173 - logger_main - INFO - Ejecutando la función alta
2025-04-18 17:41:52,182 - logger_main - INFO - Se agregó el producto Serum a la base de datos
2025-04-18 17:41:52,182 - logger_main - INFO - Ejecutando la función actualizar_treeview
2025-04-18 17:41:52,184 - logger_main - INFO - Ejecutando la función limpiar_datos
2025-04-18 17:41:52,184 - logger_main - INFO - Se limpiaron los entrys
2025-04-18 17:42:38,072 - logger_main - INFO - Se activa el logger del main en la fecha: 18/04/2025 17:42:38
2025-04-18 17:42:42,103 - logger_main - INFO - Se activa el logger del main en la fecha: 18/04/2025 17:42:42
2025-04-18 17:42:44,991 - logger_main - INFO - Se seleccionó el tema: Light
2025-04-18 17:42:47,447 - logger_main - INFO - Ejecutando la función actualizar_treeview
2025-04-18 17:42:59,355 - logger_main - INFO - Ejecutando la función alta
2025-04-18 17:42:59,364 - logger_main - INFO - Se agregó el producto Serum a la base de datos
2025-04-18 17:42:59,364 - logger_main - INFO - Ejecutando la función actualizar_treeview
2025-04-18 17:42:59,365 - logger_main - INFO - Ejecutando la función limpiar_datos
2025-04-18 17:42:59,365 - logger_main - INFO - Se limpiaron los entrys
2025-04-18 17:43:08,147 - logger_main - INFO - Se activa el logger del main en la fecha: 18/04/2025 17:43:08
2025-04-18 17:43:09,479 - logger_main - INFO - Ejecutando la función actualizar_treeview
2025-04-18 17:43:11,728 - logger_main - INFO - Ejecutando la función cargar_entrys
2025-04-18 17:43:12,843 - logger_main - INFO - Ejecutando la función cargar_entrys
